<?xml version="1.0" encoding="UTF-8"?>
<!-- Generated by org.testng.reporters.JUnitReportReporter -->
<testsuite hostname="LAPTOP-EAM40Q36" failures="0" tests="2" name="testNG_OrderOfExecution.AllAnnotations" time="0.011" errors="0" timestamp="2023-01-13T13:51:31 CST" skipped="0">
  <testcase classname="testNG_OrderOfExecution.AllAnnotations" name="test1" time="0.002"/>
  <system-out/>
  <testcase classname="testNG_OrderOfExecution.AllAnnotations" name="test" time="0.009"/>
  <system-out/>
</testsuite> <!-- testNG_OrderOfExecution.AllAnnotations -->
