<?xml version="1.0" encoding="UTF-8"?>
<!-- Generated by org.testng.reporters.JUnitReportReporter -->
<testsuite hostname="LAPTOP-EAM40Q36" failures="0" tests="2" name="selenium.PetShop" time="11.773" errors="0" timestamp="2023-01-13T13:51:00 CST" skipped="0">
  <testcase classname="selenium.PetShop" name="launchingPart" time="11.439"/>
  <system-out/>
  <testcase classname="selenium.PetShop" name="executionPart" time="0.334"/>
  <system-out/>
</testsuite> <!-- selenium.PetShop -->
