<?xml version="1.0" encoding="UTF-8"?>
<!-- Generated by org.testng.reporters.JUnitReportReporter -->
<testsuite hostname="LAPTOP-EAM40Q36" failures="0" tests="2" name="selenium.CovidSafe" time="15.702" errors="0" timestamp="2022-12-20T21:46:25 CST" skipped="0">
  <testcase classname="selenium.CovidSafe" name="launchBrowser" time="11.390"/>
  <system-out/>
  <testcase classname="selenium.CovidSafe" name="hospitalList" time="4.312"/>
  <system-out/>
</testsuite> <!-- selenium.CovidSafe -->
