<?xml version="1.0" encoding="UTF-8"?>
<!-- Generated by org.testng.reporters.JUnitReportReporter -->
<testsuite hostname="LAPTOP-EAM40Q36" failures="0" tests="14" name="selenium.TutorialsNinja" time="49.701" errors="0" timestamp="2022-12-26T18:24:14 CST" skipped="0">
  <testcase classname="selenium.TutorialsNinja" name="launchingPart" time="9.475"/>
  <system-out/>
  <testcase classname="selenium.TutorialsNinja" name="currency" time="1.848"/>
  <system-out/>
  <testcase classname="selenium.TutorialsNinja" name="camera" time="5.002"/>
  <system-out/>
  <testcase classname="selenium.TutorialsNinja" name="iphone" time="4.244"/>
  <system-out/>
  <testcase classname="selenium.TutorialsNinja" name="CartButton" time="0.047"/>
  <system-out/>
  <testcase classname="selenium.TutorialsNinja" name="viewCart" time="1.235"/>
  <system-out/>
  <testcase classname="selenium.TutorialsNinja" name="print" time="13.606"/>
  <system-out/>
  <testcase classname="selenium.TutorialsNinja" name="macBook" time="4.140"/>
  <system-out/>
  <testcase classname="selenium.TutorialsNinja" name="couponCode" time="3.042"/>
  <system-out/>
  <testcase classname="selenium.TutorialsNinja" name="giftCard" time="2.344"/>
  <system-out/>
  <testcase classname="selenium.TutorialsNinja" name="checkOut" time="0.440"/>
  <system-out/>
  <testcase classname="selenium.TutorialsNinja" name="registerAccount" time="2.157"/>
  <system-out/>
  <testcase classname="selenium.TutorialsNinja" name="commentPart" time="0.936"/>
  <system-out/>
  <testcase classname="selenium.TutorialsNinja" name="contactUs" time="1.185"/>
  <system-out/>
</testsuite> <!-- selenium.TutorialsNinja -->
