<?xml version="1.0" encoding="UTF-8"?>
<!-- Generated by org.testng.reporters.JUnitReportReporter -->
<testsuite hostname="LAPTOP-EAM40Q36" failures="0" tests="2" name="testNG_OrderOfExecution.Test2" time="0.007" errors="0" timestamp="2022-12-15T16:35:24 CST" skipped="0">
  <testcase classname="testNG_OrderOfExecution.Test2" name="test008" time="0.001"/>
  <system-out/>
  <testcase classname="testNG_OrderOfExecution.Test2" name="test008" time="0.006"/>
  <system-out/>
</testsuite> <!-- testNG_OrderOfExecution.Test2 -->
