<?xml version="1.0" encoding="UTF-8"?>
<!-- Generated by org.testng.reporters.JUnitReportReporter -->
<testsuite hostname="LAPTOP-EAM40Q36" failures="0" tests="1" name="testNG_OrderOfExecution.Test001" time="0.005" errors="0" timestamp="2022-12-15T12:09:01 CST" skipped="0">
  <testcase classname="testNG_OrderOfExecution.Test001" name="test1" time="0.005"/>
  <system-out/>
</testsuite> <!-- testNG_OrderOfExecution.Test001 -->
