<?xml version="1.0" encoding="UTF-8"?>
<!-- Generated by org.testng.reporters.JUnitReportReporter -->
<testsuite hostname="LAPTOP-EAM40Q36" failures="0" tests="2" name="testNG_OrderOfExecution.Test1" time="0.011" errors="0" timestamp="2022-12-15T14:48:26 CST" skipped="0">
  <testcase classname="testNG_OrderOfExecution.Test1" name="test001" time="0.009"/>
  <system-out/>
  <testcase classname="testNG_OrderOfExecution.Test1" name="test002" time="0.002"/>
  <system-out/>
</testsuite> <!-- testNG_OrderOfExecution.Test1 -->
